Using pre-set license
Built from '2020.3/staging' branch; Version is '2020.3.18f1 (a7d1c678663c) revision 10998214'; Using compiler version '192528614'; Build Type 'Release'
OS: 'Windows 10 Home; OS build 19043.1237; Version 2009; 64bit' Language: 'en' Physical Memory: 12184 MB
BatchMode: 1, IsHumanControllingUs: 0, StartBugReporterOnCrash: 0, Is64bit: 1, IsPro: 0

COMMAND LINE ARGUMENTS:
C:\Program Files\Unity\Hub\Editor\2020.3.18f1\Editor\Unity.exe
-adb2
-batchMode
-noUpm
-name
AssetImportWorker0
-projectPath
C:/Users/rober/Documents/GitHub/Programming-Theory-Repo/Programming Theory Project
-logFile
Logs/AssetImportWorker0.log
-srvPort
65201
Successfully changed project path to: C:/Users/rober/Documents/GitHub/Programming-Theory-Repo/Programming Theory Project
C:/Users/rober/Documents/GitHub/Programming-Theory-Repo/Programming Theory Project
Using Asset Import Pipeline V2.
Refreshing native plugins compatible for Editor in 65.65 ms, found 2 plugins.
Preloading 0 native plugins for Editor in 0.00 ms.
Initialize engine version: 2020.3.18f1 (a7d1c678663c)
[Subsystems] Discovering subsystems at path C:/Program Files/Unity/Hub/Editor/2020.3.18f1/Editor/Data/Resources/UnitySubsystems
[Subsystems] Discovering subsystems at path C:/Users/rober/Documents/GitHub/Programming-Theory-Repo/Programming Theory Project/Assets
GfxDevice: creating device client; threaded=0
Direct3D:
    Version:  Direct3D 11.0 [level 11.0]
    Renderer: NVIDIA GeForce 940M (ID=0x1347)
    Vendor:   
    VRAM:     2010 MB
    Driver:   27.21.14.5655
Initialize mono
Mono path[0] = 'C:/Program Files/Unity/Hub/Editor/2020.3.18f1/Editor/Data/Managed'
Mono path[1] = 'C:/Program Files/Unity/Hub/Editor/2020.3.18f1/Editor/Data/MonoBleedingEdge/lib/mono/unityjit'
Mono config path = 'C:/Program Files/Unity/Hub/Editor/2020.3.18f1/Editor/Data/MonoBleedingEdge/etc'
Using monoOptions --debugger-agent=transport=dt_socket,embedding=1,server=y,suspend=n,address=127.0.0.1:56172
Begin MonoManager ReloadAssembly
Registering precompiled unity dll's ...
Register platform support module: C:/Program Files/Unity/Hub/Editor/2020.3.18f1/Editor/Data/PlaybackEngines/WebGLSupport/UnityEditor.WebGL.Extensions.dll
Register platform support module: C:/Program Files/Unity/Hub/Editor/2020.3.18f1/Editor/Data/PlaybackEngines/WindowsStandaloneSupport/UnityEditor.WindowsStandalone.Extensions.dll
Registered in 0.003716 seconds.
Native extension for WindowsStandalone target not found
Native extension for WebGL target not found
Refreshing native plugins compatible for Editor in 61.79 ms, found 2 plugins.
Preloading 0 native plugins for Editor in 0.00 ms.
Mono: successfully reloaded assembly
- Completed reload, in  2.054 seconds
Domain Reload Profiling:
	ReloadAssembly (2054ms)
		BeginReloadAssembly (80ms)
			ExecutionOrderSort (0ms)
			DisableScriptedObjects (0ms)
			BackupInstance (0ms)
			ReleaseScriptingObjects (0ms)
			CreateAndSetChildDomain (1ms)
		EndReloadAssembly (790ms)
			LoadAssemblies (76ms)
			RebuildTransferFunctionScriptingTraits (0ms)
			SetupTypeCache (404ms)
			ReleaseScriptCaches (0ms)
			RebuildScriptCaches (40ms)
			SetupLoadedEditorAssemblies (247ms)
				LogAssemblyErrors (0ms)
				InitializePlatformSupportModulesInManaged (6ms)
				SetLoadedEditorAssemblies (0ms)
				RefreshPlugins (62ms)
				BeforeProcessingInitializeOnLoad (21ms)
				ProcessInitializeOnLoadAttributes (115ms)
				ProcessInitializeOnLoadMethodAttributes (43ms)
				AfterProcessingInitializeOnLoad (0ms)
				EditorAssembliesLoaded (0ms)
			ExecutionOrderSort2 (0ms)
			AwakeInstancesAfterBackupRestoration (0ms)
Platform modules already initialized, skipping
Registering precompiled user dll's ...
Registered in 0.006535 seconds.
Begin MonoManager ReloadAssembly
Native extension for WindowsStandalone target not found
Native extension for WebGL target not found
Refreshing native plugins compatible for Editor in 69.26 ms, found 2 plugins.
Preloading 0 native plugins for Editor in 0.00 ms.
Mono: successfully reloaded assembly
- Completed reload, in  1.678 seconds
Domain Reload Profiling:
	ReloadAssembly (1679ms)
		BeginReloadAssembly (208ms)
			ExecutionOrderSort (0ms)
			DisableScriptedObjects (5ms)
			BackupInstance (0ms)
			ReleaseScriptingObjects (0ms)
			CreateAndSetChildDomain (25ms)
		EndReloadAssembly (1356ms)
			LoadAssemblies (181ms)
			RebuildTransferFunctionScriptingTraits (0ms)
			SetupTypeCache (406ms)
			ReleaseScriptCaches (1ms)
			RebuildScriptCaches (80ms)
			SetupLoadedEditorAssemblies (527ms)
				LogAssemblyErrors (0ms)
				InitializePlatformSupportModulesInManaged (6ms)
				SetLoadedEditorAssemblies (0ms)
				RefreshPlugins (69ms)
				BeforeProcessingInitializeOnLoad (112ms)
				ProcessInitializeOnLoadAttributes (326ms)
				ProcessInitializeOnLoadMethodAttributes (5ms)
				AfterProcessingInitializeOnLoad (9ms)
				EditorAssembliesLoaded (0ms)
			ExecutionOrderSort2 (0ms)
			AwakeInstancesAfterBackupRestoration (9ms)
Platform modules already initialized, skipping
========================================================================
Worker process is ready to serve import requests
Launched and connected shader compiler UnityShaderCompiler.exe after 0.06 seconds
Refreshing native plugins compatible for Editor in 0.54 ms, found 2 plugins.
Preloading 0 native plugins for Editor in 0.00 ms.
Unloading 2732 Unused Serialized files (Serialized files now loaded: 0)
System memory in use before: 127.4 MB.
System memory in use after: 127.6 MB.

Unloading 17 unused Assets to reduce memory usage. Loaded Objects now: 3176.
Total: 4.069000 ms (FindLiveObjects: 0.358200 ms CreateObjectMapping: 0.266900 ms MarkObjects: 3.316200 ms  DeleteObjects: 0.126200 ms)

AssetImportParameters requested are different than current active one (requested -> active):
  custom:framework-win-MediaFoundation: 216162199b28c13a410421893ffa2e32 -> 
  custom:video-decoder-ogg-theora: a1e56fd34408186e4bbccfd4996cb3dc -> 
  custom:container-muxer-webm: aa71ff27fc2769a1b78a27578f13a17b -> 
  custom:container-demuxer-webm: 4f35f7cbe854078d1ac9338744f61a02 -> 
  custom:container-demuxer-ogg: 62fdf1f143b41e24485cea50d1cbac27 -> 
  custom:video-encoder-webm-vp8: eb34c28f22e8b96e1ab97ce403110664 -> 
  custom:video-codec-MediaFoundation-h265: 746d11721c4dcdbdad8f713fa42b33f4 -> 
  custom:video-decoder-webm-vp8: 9c59270c3fd7afecdb556c50c9e8de78 -> 
  custom:audio-decoder-ogg-vorbis: bf7c407c2cedff20999df2af8eb42d56 -> 
  custom:audio-encoder-webm-vorbis: bf7c407c2cedff20999df2af8eb42d56 -> 
========================================================================
Received Import Request.
  path: Assets/UniversalRenderPipelineAsset_Renderer.asset
  artifactKey: Guid(4a43939b31325bf47b19e6699790f4c0) Importer(815301076,1909f56bfc062723c751e8b465ee728b)
Start importing Assets/UniversalRenderPipelineAsset_Renderer.asset using Guid(4a43939b31325bf47b19e6699790f4c0) Importer(815301076,1909f56bfc062723c751e8b465ee728b)  -> (artifact id: '11c5b89d8de838706d1b98f3b36b50c8') in 0.044038 seconds 
  Import took 0.049100 seconds .

========================================================================
Received Import Request.
  Time since last request: 126.691041 seconds.
  path: Assets/UniversalRenderPipelineAsset.asset
  artifactKey: Guid(ccf40bed4050a424aaedc668c20d16c3) Importer(815301076,1909f56bfc062723c751e8b465ee728b)
Start importing Assets/UniversalRenderPipelineAsset.asset using Guid(ccf40bed4050a424aaedc668c20d16c3) Importer(815301076,1909f56bfc062723c751e8b465ee728b)  -> (artifact id: '419a2200342b4b5b2ff53c4d59fae8e6') in 0.014186 seconds 
  Import took 0.020905 seconds .

========================================================================
Received Import Request.
  Time since last request: 311.210954 seconds.
  path: Assets/EdgeDetectionOutlines.shadergraph
  artifactKey: Guid(44c408aa3cb37f64f91c887df0599a65) Importer(815301076,1909f56bfc062723c751e8b465ee728b)
Start importing Assets/EdgeDetectionOutlines.shadergraph using Guid(44c408aa3cb37f64f91c887df0599a65) Importer(815301076,1909f56bfc062723c751e8b465ee728b)  -> (artifact id: 'a7b3a5ddd041ecbf3ef27a13f03a0fe2') in 0.020452 seconds 
  Import took 0.027523 seconds .

========================================================================
Received Import Request.
  Time since last request: 0.513947 seconds.
  path: Assets/EdgeDetectionOutlines.shadergraph
  artifactKey: Guid(44c408aa3cb37f64f91c887df0599a65) Importer(815301076,1909f56bfc062723c751e8b465ee728b)
Start importing Assets/EdgeDetectionOutlines.shadergraph using Guid(44c408aa3cb37f64f91c887df0599a65) Importer(815301076,1909f56bfc062723c751e8b465ee728b)  -> (artifact id: 'a7b3a5ddd041ecbf3ef27a13f03a0fe2') in 0.008399 seconds 
  Import took 0.014243 seconds .

========================================================================
Received Prepare
Registering precompiled user dll's ...
Registered in 0.005049 seconds.
Begin MonoManager ReloadAssembly
Native extension for WindowsStandalone target not found
Native extension for WebGL target not found
Refreshing native plugins compatible for Editor in 0.53 ms, found 2 plugins.
Preloading 0 native plugins for Editor in 0.00 ms.
Mono: successfully reloaded assembly
- Completed reload, in  1.494 seconds
Domain Reload Profiling:
	ReloadAssembly (1494ms)
		BeginReloadAssembly (176ms)
			ExecutionOrderSort (0ms)
			DisableScriptedObjects (6ms)
			BackupInstance (0ms)
			ReleaseScriptingObjects (0ms)
			CreateAndSetChildDomain (53ms)
		EndReloadAssembly (1232ms)
			LoadAssemblies (128ms)
			RebuildTransferFunctionScriptingTraits (0ms)
			SetupTypeCache (425ms)
			ReleaseScriptCaches (2ms)
			RebuildScriptCaches (55ms)
			SetupLoadedEditorAssemblies (416ms)
				LogAssemblyErrors (0ms)
				InitializePlatformSupportModulesInManaged (8ms)
				SetLoadedEditorAssemblies (1ms)
				RefreshPlugins (1ms)
				BeforeProcessingInitializeOnLoad (116ms)
				ProcessInitializeOnLoadAttributes (277ms)
				ProcessInitializeOnLoadMethodAttributes (5ms)
				AfterProcessingInitializeOnLoad (9ms)
				EditorAssembliesLoaded (0ms)
			ExecutionOrderSort2 (0ms)
			AwakeInstancesAfterBackupRestoration (62ms)
Platform modules already initialized, skipping
Refreshing native plugins compatible for Editor in 0.82 ms, found 2 plugins.
Preloading 0 native plugins for Editor in 0.00 ms.
Unloading 2607 Unused Serialized files (Serialized files now loaded: 0)
System memory in use before: 118.7 MB.
System memory in use after: 118.9 MB.

Unloading 12 unused Assets to reduce memory usage. Loaded Objects now: 3192.
Total: 4.973000 ms (FindLiveObjects: 0.300200 ms CreateObjectMapping: 0.110800 ms MarkObjects: 4.526600 ms  DeleteObjects: 0.033900 ms)

AssetImportParameters requested are different than current active one (requested -> active):
  custom:framework-win-MediaFoundation: 216162199b28c13a410421893ffa2e32 -> 
  custom:video-decoder-ogg-theora: a1e56fd34408186e4bbccfd4996cb3dc -> 
  custom:container-muxer-webm: aa71ff27fc2769a1b78a27578f13a17b -> 
  custom:container-demuxer-webm: 4f35f7cbe854078d1ac9338744f61a02 -> 
  custom:container-demuxer-ogg: 62fdf1f143b41e24485cea50d1cbac27 -> 
  custom:video-encoder-webm-vp8: eb34c28f22e8b96e1ab97ce403110664 -> 
  custom:video-codec-MediaFoundation-h265: 746d11721c4dcdbdad8f713fa42b33f4 -> 
  custom:video-decoder-webm-vp8: 9c59270c3fd7afecdb556c50c9e8de78 -> 
  custom:audio-decoder-ogg-vorbis: bf7c407c2cedff20999df2af8eb42d56 -> 
  custom:audio-encoder-webm-vorbis: bf7c407c2cedff20999df2af8eb42d56 -> 
========================================================================
Received Import Request.
  Time since last request: 8.563403 seconds.
  path: Assets/EdgeDetectionOutlines.shadergraph
  artifactKey: Guid(44c408aa3cb37f64f91c887df0599a65) Importer(815301076,1909f56bfc062723c751e8b465ee728b)
Start importing Assets/EdgeDetectionOutlines.shadergraph using Guid(44c408aa3cb37f64f91c887df0599a65) Importer(815301076,1909f56bfc062723c751e8b465ee728b)  -> (artifact id: '7bec511d59ee4755ace15536e49a1c78') in 0.024266 seconds 
  Import took 0.029738 seconds .

========================================================================
Received Import Request.
  Time since last request: 19.228254 seconds.
  path: Assets/EdgeDetectionOutlines.shadergraph
  artifactKey: Guid(44c408aa3cb37f64f91c887df0599a65) Importer(815301076,1909f56bfc062723c751e8b465ee728b)
Start importing Assets/EdgeDetectionOutlines.shadergraph using Guid(44c408aa3cb37f64f91c887df0599a65) Importer(815301076,1909f56bfc062723c751e8b465ee728b)  -> (artifact id: 'c2b049c3274cd5b0ec92a23cccbfaee1') in 0.008723 seconds 
  Import took 0.017460 seconds .

========================================================================
Received Import Request.
  Time since last request: 11.001747 seconds.
  path: Assets/Prefabs/Mesh Generator.prefab
  artifactKey: Guid(0edd6293c59421b40a1c76011268294f) Importer(815301076,1909f56bfc062723c751e8b465ee728b)
Start importing Assets/Prefabs/Mesh Generator.prefab using Guid(0edd6293c59421b40a1c76011268294f) Importer(815301076,1909f56bfc062723c751e8b465ee728b)  -> (artifact id: '55c2203960c8c139a35159a3a4a4da5d') in 0.036874 seconds 
  Import took 0.043738 seconds .

========================================================================
Received Import Request.
  Time since last request: 0.055457 seconds.
  path: Assets/Prefabs/Mesh Generator.prefab
  artifactKey: Guid(0edd6293c59421b40a1c76011268294f) Importer(815301076,1909f56bfc062723c751e8b465ee728b)
Start importing Assets/Prefabs/Mesh Generator.prefab using Guid(0edd6293c59421b40a1c76011268294f) Importer(815301076,1909f56bfc062723c751e8b465ee728b)  -> (artifact id: '55c2203960c8c139a35159a3a4a4da5d') in 0.010504 seconds 
  Import took 0.018169 seconds .

========================================================================
Received Import Request.
  Time since last request: 9.222196 seconds.
  path: Assets/Materials
  artifactKey: Guid(5114a665c3f849c45b84cc9301672dca) Importer(815301076,1909f56bfc062723c751e8b465ee728b)
Start importing Assets/Materials using Guid(5114a665c3f849c45b84cc9301672dca) Importer(815301076,1909f56bfc062723c751e8b465ee728b)  -> (artifact id: 'abdb03ef0dc3c1f00984dee84fadd1ce') in 0.014908 seconds 
  Import took 0.022000 seconds .

========================================================================
Received Prepare
Refreshing native plugins compatible for Editor in 4.43 ms, found 2 plugins.
Preloading 0 native plugins for Editor in 0.00 ms.
Unloading 10 Unused Serialized files (Serialized files now loaded: 0)
System memory in use before: 66.2 MB.
System memory in use after: 66.4 MB.

Unloading 204 unused Assets to reduce memory usage. Loaded Objects now: 2998.
Total: 7.199800 ms (FindLiveObjects: 0.879200 ms CreateObjectMapping: 0.705500 ms MarkObjects: 5.423800 ms  DeleteObjects: 0.187800 ms)

AssetImportParameters requested are different than current active one (requested -> active):
  custom:framework-win-MediaFoundation: 216162199b28c13a410421893ffa2e32 -> 
  custom:video-decoder-ogg-theora: a1e56fd34408186e4bbccfd4996cb3dc -> 
  custom:container-muxer-webm: aa71ff27fc2769a1b78a27578f13a17b -> 
  custom:container-demuxer-webm: 4f35f7cbe854078d1ac9338744f61a02 -> 
  custom:container-demuxer-ogg: 62fdf1f143b41e24485cea50d1cbac27 -> 
  custom:srp/default-shader: 00a0da0d000000000000000000000000 -> 0000e00a000e0de00000e000e0000000
  custom:video-encoder-webm-vp8: eb34c28f22e8b96e1ab97ce403110664 -> 
  custom:video-codec-MediaFoundation-h265: 746d11721c4dcdbdad8f713fa42b33f4 -> 
  custom:video-decoder-webm-vp8: 9c59270c3fd7afecdb556c50c9e8de78 -> 
  custom:audio-decoder-ogg-vorbis: bf7c407c2cedff20999df2af8eb42d56 -> 
  custom:audio-encoder-webm-vorbis: bf7c407c2cedff20999df2af8eb42d56 -> 
========================================================================
Received Prepare
Registering precompiled user dll's ...
Registered in 0.007281 seconds.
Begin MonoManager ReloadAssembly
Native extension for WindowsStandalone target not found
Native extension for WebGL target not found
Refreshing native plugins compatible for Editor in 0.59 ms, found 2 plugins.
Preloading 0 native plugins for Editor in 0.00 ms.
Mono: successfully reloaded assembly
- Completed reload, in  1.382 seconds
Domain Reload Profiling:
	ReloadAssembly (1383ms)
		BeginReloadAssembly (138ms)
			ExecutionOrderSort (0ms)
			DisableScriptedObjects (6ms)
			BackupInstance (0ms)
			ReleaseScriptingObjects (0ms)
			CreateAndSetChildDomain (48ms)
		EndReloadAssembly (1160ms)
			LoadAssemblies (114ms)
			RebuildTransferFunctionScriptingTraits (0ms)
			SetupTypeCache (408ms)
			ReleaseScriptCaches (1ms)
			RebuildScriptCaches (51ms)
			SetupLoadedEditorAssemblies (386ms)
				LogAssemblyErrors (0ms)
				InitializePlatformSupportModulesInManaged (7ms)
				SetLoadedEditorAssemblies (1ms)
				RefreshPlugins (1ms)
				BeforeProcessingInitializeOnLoad (111ms)
				ProcessInitializeOnLoadAttributes (253ms)
				ProcessInitializeOnLoadMethodAttributes (5ms)
				AfterProcessingInitializeOnLoad (9ms)
				EditorAssembliesLoaded (0ms)
			ExecutionOrderSort2 (0ms)
			AwakeInstancesAfterBackupRestoration (60ms)
Platform modules already initialized, skipping
Refreshing native plugins compatible for Editor in 0.56 ms, found 2 plugins.
Preloading 0 native plugins for Editor in 0.00 ms.
Unloading 2605 Unused Serialized files (Serialized files now loaded: 0)
System memory in use before: 118.8 MB.
System memory in use after: 119.0 MB.

Unloading 12 unused Assets to reduce memory usage. Loaded Objects now: 3198.
Total: 4.387200 ms (FindLiveObjects: 0.408300 ms CreateObjectMapping: 0.185400 ms MarkObjects: 3.764000 ms  DeleteObjects: 0.028200 ms)

AssetImportParameters requested are different than current active one (requested -> active):
  custom:framework-win-MediaFoundation: 216162199b28c13a410421893ffa2e32 -> 
  custom:video-decoder-ogg-theora: a1e56fd34408186e4bbccfd4996cb3dc -> 
  custom:container-muxer-webm: aa71ff27fc2769a1b78a27578f13a17b -> 
  custom:container-demuxer-webm: 4f35f7cbe854078d1ac9338744f61a02 -> 
  custom:container-demuxer-ogg: 62fdf1f143b41e24485cea50d1cbac27 -> 
  custom:video-encoder-webm-vp8: eb34c28f22e8b96e1ab97ce403110664 -> 
  custom:video-codec-MediaFoundation-h265: 746d11721c4dcdbdad8f713fa42b33f4 -> 
  custom:video-decoder-webm-vp8: 9c59270c3fd7afecdb556c50c9e8de78 -> 
  custom:audio-decoder-ogg-vorbis: bf7c407c2cedff20999df2af8eb42d56 -> 
  custom:audio-encoder-webm-vorbis: bf7c407c2cedff20999df2af8eb42d56 -> 
========================================================================
Received Prepare
Registering precompiled user dll's ...
Registered in 0.005596 seconds.
Begin MonoManager ReloadAssembly
Native extension for WindowsStandalone target not found
Native extension for WebGL target not found
Refreshing native plugins compatible for Editor in 0.58 ms, found 2 plugins.
Preloading 0 native plugins for Editor in 0.00 ms.
Mono: successfully reloaded assembly
- Completed reload, in  1.606 seconds
Domain Reload Profiling:
	ReloadAssembly (1607ms)
		BeginReloadAssembly (188ms)
			ExecutionOrderSort (0ms)
			DisableScriptedObjects (9ms)
			BackupInstance (0ms)
			ReleaseScriptingObjects (0ms)
			CreateAndSetChildDomain (64ms)
		EndReloadAssembly (1318ms)
			LoadAssemblies (138ms)
			RebuildTransferFunctionScriptingTraits (0ms)
			SetupTypeCache (396ms)
			ReleaseScriptCaches (1ms)
			RebuildScriptCaches (54ms)
			SetupLoadedEditorAssemblies (501ms)
				LogAssemblyErrors (0ms)
				InitializePlatformSupportModulesInManaged (7ms)
				SetLoadedEditorAssemblies (1ms)
				RefreshPlugins (1ms)
				BeforeProcessingInitializeOnLoad (115ms)
				ProcessInitializeOnLoadAttributes (363ms)
				ProcessInitializeOnLoadMethodAttributes (5ms)
				AfterProcessingInitializeOnLoad (11ms)
				EditorAssembliesLoaded (0ms)
			ExecutionOrderSort2 (0ms)
			AwakeInstancesAfterBackupRestoration (96ms)
Platform modules already initialized, skipping
Refreshing native plugins compatible for Editor in 0.53 ms, found 2 plugins.
Preloading 0 native plugins for Editor in 0.00 ms.
Unloading 2605 Unused Serialized files (Serialized files now loaded: 0)
System memory in use before: 118.8 MB.
System memory in use after: 119.0 MB.

Unloading 12 unused Assets to reduce memory usage. Loaded Objects now: 3204.
Total: 5.550800 ms (FindLiveObjects: 0.341000 ms CreateObjectMapping: 0.142100 ms MarkObjects: 5.026100 ms  DeleteObjects: 0.040400 ms)

AssetImportParameters requested are different than current active one (requested -> active):
  custom:framework-win-MediaFoundation: 216162199b28c13a410421893ffa2e32 -> 
  custom:video-decoder-ogg-theora: a1e56fd34408186e4bbccfd4996cb3dc -> 
  custom:container-muxer-webm: aa71ff27fc2769a1b78a27578f13a17b -> 
  custom:container-demuxer-webm: 4f35f7cbe854078d1ac9338744f61a02 -> 
  custom:container-demuxer-ogg: 62fdf1f143b41e24485cea50d1cbac27 -> 
  custom:video-encoder-webm-vp8: eb34c28f22e8b96e1ab97ce403110664 -> 
  custom:video-codec-MediaFoundation-h265: 746d11721c4dcdbdad8f713fa42b33f4 -> 
  custom:video-decoder-webm-vp8: 9c59270c3fd7afecdb556c50c9e8de78 -> 
  custom:audio-decoder-ogg-vorbis: bf7c407c2cedff20999df2af8eb42d56 -> 
  custom:audio-encoder-webm-vorbis: bf7c407c2cedff20999df2af8eb42d56 -> 
========================================================================
Received Import Request.
  Time since last request: 331.075882 seconds.
  path: Assets
  artifactKey: Guid(00000000000000001000000000000000) Importer(815301076,1909f56bfc062723c751e8b465ee728b)
Start importing Assets using Guid(00000000000000001000000000000000) Importer(815301076,1909f56bfc062723c751e8b465ee728b)  -> (artifact id: '42d402b061de3733987d63b9cc3b64de') in 0.018472 seconds 
  Import took 0.026152 seconds .

========================================================================
Received Import Request.
  Time since last request: 27.030467 seconds.
  path: Assets/UniversalRenderPipelineAsset 1.asset
  artifactKey: Guid(f88a20b03e3dce5488286ab407ea54e1) Importer(815301076,1909f56bfc062723c751e8b465ee728b)
Start importing Assets/UniversalRenderPipelineAsset 1.asset using Guid(f88a20b03e3dce5488286ab407ea54e1) Importer(815301076,1909f56bfc062723c751e8b465ee728b)  -> (artifact id: '5c1812e05618a37b9acbb5ab4f7d0c36') in 0.071452 seconds 
  Import took 0.078442 seconds .

========================================================================
Received Import Request.
  Time since last request: 0.022529 seconds.
  path: Assets/UniversalRenderPipelineAsset 1.asset
  artifactKey: Guid(f88a20b03e3dce5488286ab407ea54e1) Importer(815301076,1909f56bfc062723c751e8b465ee728b)
Start importing Assets/UniversalRenderPipelineAsset 1.asset using Guid(f88a20b03e3dce5488286ab407ea54e1) Importer(815301076,1909f56bfc062723c751e8b465ee728b)  -> (artifact id: '5c1812e05618a37b9acbb5ab4f7d0c36') in 0.016559 seconds 
  Import took 0.026368 seconds .

========================================================================
Received Import Request.
  Time since last request: 27.571537 seconds.
  path: Assets/UniversalRenderPipelineAsset 1_Renderer.asset
  artifactKey: Guid(bf9846ec5ac907244871ba290a3891b2) Importer(815301076,1909f56bfc062723c751e8b465ee728b)
Start importing Assets/UniversalRenderPipelineAsset 1_Renderer.asset using Guid(bf9846ec5ac907244871ba290a3891b2) Importer(815301076,1909f56bfc062723c751e8b465ee728b)  -> (artifact id: 'd68ddb7756ce290a22e02d4026e87ef9') in 0.016824 seconds 
  Import took 0.023742 seconds .

========================================================================
Received Import Request.
  Time since last request: 0.009673 seconds.
  path: Assets/UniversalRenderPipelineAsset 1_Renderer.asset
  artifactKey: Guid(bf9846ec5ac907244871ba290a3891b2) Importer(815301076,1909f56bfc062723c751e8b465ee728b)
Start importing Assets/UniversalRenderPipelineAsset 1_Renderer.asset using Guid(bf9846ec5ac907244871ba290a3891b2) Importer(815301076,1909f56bfc062723c751e8b465ee728b)  -> (artifact id: 'd68ddb7756ce290a22e02d4026e87ef9') in 0.010575 seconds 
  Import took 0.017742 seconds .

========================================================================
Received Prepare
Refreshing native plugins compatible for Editor in 4.81 ms, found 2 plugins.
Preloading 0 native plugins for Editor in 0.00 ms.
Unloading 12 Unused Serialized files (Serialized files now loaded: 0)
System memory in use before: 66.8 MB.
System memory in use after: 67.1 MB.

Unloading 10 unused Assets to reduce memory usage. Loaded Objects now: 3209.
Total: 5.208900 ms (FindLiveObjects: 0.383900 ms CreateObjectMapping: 0.187300 ms MarkObjects: 4.616100 ms  DeleteObjects: 0.020600 ms)

AssetImportParameters requested are different than current active one (requested -> active):
  custom:framework-win-MediaFoundation: 216162199b28c13a410421893ffa2e32 -> 
  custom:video-decoder-ogg-theora: a1e56fd34408186e4bbccfd4996cb3dc -> 
  custom:container-muxer-webm: aa71ff27fc2769a1b78a27578f13a17b -> 
  custom:container-demuxer-webm: 4f35f7cbe854078d1ac9338744f61a02 -> 
  custom:container-demuxer-ogg: 62fdf1f143b41e24485cea50d1cbac27 -> 
  custom:video-encoder-webm-vp8: eb34c28f22e8b96e1ab97ce403110664 -> 
  custom:video-codec-MediaFoundation-h265: 746d11721c4dcdbdad8f713fa42b33f4 -> 
  custom:video-decoder-webm-vp8: 9c59270c3fd7afecdb556c50c9e8de78 -> 
  custom:audio-decoder-ogg-vorbis: bf7c407c2cedff20999df2af8eb42d56 -> 
  custom:audio-encoder-webm-vorbis: bf7c407c2cedff20999df2af8eb42d56 -> 
========================================================================
Received Import Request.
  Time since last request: 44.537258 seconds.
  path: Assets/UniversalRenderPipelineAsset 1_Renderer.asset
  artifactKey: Guid(bf9846ec5ac907244871ba290a3891b2) Importer(815301076,1909f56bfc062723c751e8b465ee728b)
Start importing Assets/UniversalRenderPipelineAsset 1_Renderer.asset using Guid(bf9846ec5ac907244871ba290a3891b2) Importer(815301076,1909f56bfc062723c751e8b465ee728b)  -> (artifact id: '822d8bfc1b421449637fef4f028fdc16') in 0.010544 seconds 
  Import took 0.015696 seconds .

========================================================================
Received Import Request.
  Time since last request: 72.273596 seconds.
  path: Assets/UniversalRenderPipelineAsset 1_Renderer.asset
  artifactKey: Guid(bf9846ec5ac907244871ba290a3891b2) Importer(815301076,1909f56bfc062723c751e8b465ee728b)
Start importing Assets/UniversalRenderPipelineAsset 1_Renderer.asset using Guid(bf9846ec5ac907244871ba290a3891b2) Importer(815301076,1909f56bfc062723c751e8b465ee728b)  -> (artifact id: 'fafacf425e701d263bd8f4b951c3c01f') in 0.033500 seconds 
  Import took 0.045144 seconds .

========================================================================
Received Import Request.
  Time since last request: 218.798087 seconds.
  path: Assets/UniversalRenderPipelineAsset.asset
  artifactKey: Guid(ccf40bed4050a424aaedc668c20d16c3) Importer(815301076,1909f56bfc062723c751e8b465ee728b)
Start importing Assets/UniversalRenderPipelineAsset.asset using Guid(ccf40bed4050a424aaedc668c20d16c3) Importer(815301076,1909f56bfc062723c751e8b465ee728b)  -> (artifact id: 'a2e931419ff2bd53d24ff4c727864388') in 0.008863 seconds 
  Import took 0.014697 seconds .

========================================================================
Received Import Request.
  Time since last request: 0.014960 seconds.
  path: Assets/UniversalRenderPipelineAsset.asset
  artifactKey: Guid(ccf40bed4050a424aaedc668c20d16c3) Importer(815301076,1909f56bfc062723c751e8b465ee728b)
Start importing Assets/UniversalRenderPipelineAsset.asset using Guid(ccf40bed4050a424aaedc668c20d16c3) Importer(815301076,1909f56bfc062723c751e8b465ee728b)  -> (artifact id: 'a2e931419ff2bd53d24ff4c727864388') in 0.011277 seconds 
  Import took 0.017378 seconds .

========================================================================
Received Prepare
Registering precompiled user dll's ...
Registered in 0.005972 seconds.
Begin MonoManager ReloadAssembly
Native extension for WindowsStandalone target not found
Native extension for WebGL target not found
Refreshing native plugins compatible for Editor in 0.59 ms, found 2 plugins.
Preloading 0 native plugins for Editor in 0.00 ms.
Mono: successfully reloaded assembly
- Completed reload, in  1.607 seconds
Domain Reload Profiling:
	ReloadAssembly (1608ms)
		BeginReloadAssembly (253ms)
			ExecutionOrderSort (0ms)
			DisableScriptedObjects (6ms)
			BackupInstance (0ms)
			ReleaseScriptingObjects (0ms)
			CreateAndSetChildDomain (49ms)
		EndReloadAssembly (1267ms)
			LoadAssemblies (195ms)
			RebuildTransferFunctionScriptingTraits (0ms)
			SetupTypeCache (405ms)
			ReleaseScriptCaches (1ms)
			RebuildScriptCaches (54ms)
			SetupLoadedEditorAssemblies (480ms)
				LogAssemblyErrors (0ms)
				InitializePlatformSupportModulesInManaged (8ms)
				SetLoadedEditorAssemblies (1ms)
				RefreshPlugins (1ms)
				BeforeProcessingInitializeOnLoad (116ms)
				ProcessInitializeOnLoadAttributes (342ms)
				ProcessInitializeOnLoadMethodAttributes (5ms)
				AfterProcessingInitializeOnLoad (9ms)
				EditorAssembliesLoaded (0ms)
			ExecutionOrderSort2 (0ms)
			AwakeInstancesAfterBackupRestoration (61ms)
Platform modules already initialized, skipping
Refreshing native plugins compatible for Editor in 0.62 ms, found 2 plugins.
Preloading 0 native plugins for Editor in 0.00 ms.
Unloading 2605 Unused Serialized files (Serialized files now loaded: 0)
System memory in use before: 118.8 MB.
System memory in use after: 119.1 MB.

Unloading 12 unused Assets to reduce memory usage. Loaded Objects now: 3221.
Total: 3.939800 ms (FindLiveObjects: 0.330200 ms CreateObjectMapping: 0.184600 ms MarkObjects: 3.397000 ms  DeleteObjects: 0.026500 ms)

AssetImportParameters requested are different than current active one (requested -> active):
  custom:framework-win-MediaFoundation: 216162199b28c13a410421893ffa2e32 -> 
  custom:video-decoder-ogg-theora: a1e56fd34408186e4bbccfd4996cb3dc -> 
  custom:container-muxer-webm: aa71ff27fc2769a1b78a27578f13a17b -> 
  custom:container-demuxer-webm: 4f35f7cbe854078d1ac9338744f61a02 -> 
  custom:container-demuxer-ogg: 62fdf1f143b41e24485cea50d1cbac27 -> 
  custom:video-encoder-webm-vp8: eb34c28f22e8b96e1ab97ce403110664 -> 
  custom:video-codec-MediaFoundation-h265: 746d11721c4dcdbdad8f713fa42b33f4 -> 
  custom:video-decoder-webm-vp8: 9c59270c3fd7afecdb556c50c9e8de78 -> 
  custom:audio-decoder-ogg-vorbis: bf7c407c2cedff20999df2af8eb42d56 -> 
  custom:audio-encoder-webm-vorbis: bf7c407c2cedff20999df2af8eb42d56 -> 
========================================================================
Received Import Request.
  Time since last request: 14.147736 seconds.
  path: Assets/UniversalRenderPipelineAsset 1_Renderer.asset
  artifactKey: Guid(bf9846ec5ac907244871ba290a3891b2) Importer(815301076,1909f56bfc062723c751e8b465ee728b)
Start importing Assets/UniversalRenderPipelineAsset 1_Renderer.asset using Guid(bf9846ec5ac907244871ba290a3891b2) Importer(815301076,1909f56bfc062723c751e8b465ee728b)  -> (artifact id: '1f60801ff1993b0564fffa3687e950df') in 0.045544 seconds 
  Import took 0.052118 seconds .

========================================================================
Received Import Request.
  Time since last request: 80.358553 seconds.
  path: Assets/DepthNormalsFeature.cs
  artifactKey: Guid(1e0e59c2f4b881c43a5b42cb9441211c) Importer(815301076,1909f56bfc062723c751e8b465ee728b)
Start importing Assets/DepthNormalsFeature.cs using Guid(1e0e59c2f4b881c43a5b42cb9441211c) Importer(815301076,1909f56bfc062723c751e8b465ee728b)  -> (artifact id: '98e9eda122b8b34161abaa14a22d4e7f') in 0.016048 seconds 
  Import took 0.024101 seconds .

========================================================================
Received Import Request.
  Time since last request: 0.024073 seconds.
  path: Assets/DepthNormalsFeature.cs
  artifactKey: Guid(1e0e59c2f4b881c43a5b42cb9441211c) Importer(815301076,1909f56bfc062723c751e8b465ee728b)
Start importing Assets/DepthNormalsFeature.cs using Guid(1e0e59c2f4b881c43a5b42cb9441211c) Importer(815301076,1909f56bfc062723c751e8b465ee728b)  -> (artifact id: '98e9eda122b8b34161abaa14a22d4e7f') in 0.008082 seconds 
  Import took 0.014704 seconds .

========================================================================
Received Import Request.
  Time since last request: 812.238892 seconds.
  path: Assets/Outlines.shader
  artifactKey: Guid(badb60793da46f540a3a00fb03d06c51) Importer(815301076,1909f56bfc062723c751e8b465ee728b)
Start importing Assets/Outlines.shader using Guid(badb60793da46f540a3a00fb03d06c51) Importer(815301076,1909f56bfc062723c751e8b465ee728b)  -> (artifact id: '0279fca761c8f499880445ce23ee33a2') in 0.018530 seconds 
  Import took 0.027671 seconds .

========================================================================
Received Import Request.
  Time since last request: 0.056418 seconds.
  path: Assets/Outlines.shader
  artifactKey: Guid(badb60793da46f540a3a00fb03d06c51) Importer(815301076,1909f56bfc062723c751e8b465ee728b)
Start importing Assets/Outlines.shader using Guid(badb60793da46f540a3a00fb03d06c51) Importer(815301076,1909f56bfc062723c751e8b465ee728b)  -> (artifact id: '0279fca761c8f499880445ce23ee33a2') in 0.011891 seconds 
  Import took 0.020368 seconds .

========================================================================
Received Import Request.
  Time since last request: 0.468659 seconds.
  path: Assets/UniversalRenderPipelineAsset 1.asset
  artifactKey: Guid(f88a20b03e3dce5488286ab407ea54e1) Importer(815301076,1909f56bfc062723c751e8b465ee728b)
Start importing Assets/UniversalRenderPipelineAsset 1.asset using Guid(f88a20b03e3dce5488286ab407ea54e1) Importer(815301076,1909f56bfc062723c751e8b465ee728b)  -> (artifact id: '8c1594ad1d7014d09903d04f53e3cb42') in 0.010364 seconds 
  Import took 0.017647 seconds .

========================================================================
Received Import Request.
  Time since last request: 0.000987 seconds.
  path: Assets/UniversalRenderPipelineAsset 1.asset
  artifactKey: Guid(f88a20b03e3dce5488286ab407ea54e1) Importer(815301076,1909f56bfc062723c751e8b465ee728b)
Start importing Assets/UniversalRenderPipelineAsset 1.asset using Guid(f88a20b03e3dce5488286ab407ea54e1) Importer(815301076,1909f56bfc062723c751e8b465ee728b)  -> (artifact id: '8c1594ad1d7014d09903d04f53e3cb42') in 0.011713 seconds 
  Import took 0.020226 seconds .

========================================================================
Received Import Request.
  Time since last request: 64.295505 seconds.
  path: Assets/Scripts
  artifactKey: Guid(f1aa125ba1fa9694eb6a70f8d7ea908c) Importer(815301076,1909f56bfc062723c751e8b465ee728b)
Start importing Assets/Scripts using Guid(f1aa125ba1fa9694eb6a70f8d7ea908c) Importer(815301076,1909f56bfc062723c751e8b465ee728b)  -> (artifact id: '715044e1d2e6af1238c2b04b66a9ea62') in 0.013672 seconds 
  Import took 0.019251 seconds .

AssetImportWorkerClient::OnTransportError - code=2 error=End of file
